[INFO] Scanning for projects...
[INFO]                                                                         
[INFO] ------------------------------------------------------------------------
[INFO] Building tKDE-experiments 1.0-SNAPSHOT
[INFO] ------------------------------------------------------------------------
[INFO] 
[INFO] --- exec-maven-plugin:1.5.0:java (kde) @ tKDE-experiments ---
2017-02-13T10:32:43.061 INFO  [macrobase.KDEApp] - Loaded 70000 in 00:00:07.912
2017-02-13T10:32:43.223 DEBUG [macrobase.classifier.KDEClassifier] - Set up Kernel
2017-02-13T10:32:46.543 DEBUG [macrobase.classifier.KDEClassifier] - Trained Tree
2017-02-13T10:32:46.554 DEBUG [macrobase.classifier.KDEClassifier] - Radius KDE with Radius: 3.7169221888498383
2017-02-13T10:32:46.554 INFO  [macrobase.KDEApp] - Trained in: 00:00:03.489
2017-02-13T10:32:46.554 INFO  [macrobase.KDEApp] - BW: 1000.0
2017-02-13T10:32:46.555 INFO  [macrobase.KDEApp] - CutoffH: 0.013, CutoffL: 0.007 Tolerance: 0.001
2017-02-13T10:33:51.838 INFO  [macrobase.KDEApp] - Scored in 00:01:05.279
2017-02-13T10:33:51.838 INFO  [macrobase.KDEApp] - Scored @ 3.0637724 / s
2017-02-13T10:33:51.839 INFO  [macrobase.KDEApp] - Total Processing: 68.768
2017-02-13T10:33:51.839 INFO  [macrobase.KDEApp] - Avg # Kernels: 69993.48
2017-02-13T10:33:51.839 INFO  [macrobase.KDEApp] - 0.01 percentile: 0.015648123596088942
Parsed Output:
{"algorithm":"ic2","dataset":"bigdata/mnist.csv","dim":784,"num_train":70000,"num_test":200,"train_time":3489,"test_time":65279,"num_kernels":13998696}
[INFO] ------------------------------------------------------------------------
[INFO] BUILD SUCCESS
[INFO] ------------------------------------------------------------------------
[INFO] Total time: 01:19 min
[INFO] Finished at: 2017-02-13T10:33:51-08:00
[INFO] Final Memory: 31M/1894M
[INFO] ------------------------------------------------------------------------
